<?xml version="1.0" encoding="UTF-8"?>
<coverage generated="1605091391200" clover="3.2.0">
  <project timestamp="1605091391200" name="All files">
    <metrics statements="32" coveredstatements="5" conditionals="9" coveredconditionals="4" methods="11" coveredmethods="2" elements="52" coveredelements="11" complexity="0" loc="32" ncloc="32" packages="3" files="9" classes="9"/>
    <package name="src">
      <metrics statements="6" coveredstatements="0" conditionals="5" coveredconditionals="0" methods="2" coveredmethods="0"/>
      <file name="App.js" path="/home/halkimrajan/Documents/PROJECTS/spotify-clone/client/src/App.js">
        <metrics statements="1" coveredstatements="0" conditionals="5" coveredconditionals="0" methods="1" coveredmethods="0"/>
        <line num="14" count="0" type="stmt"/>
      </file>
      <file name="index.js" path="/home/halkimrajan/Documents/PROJECTS/spotify-clone/client/src/index.js">
        <metrics statements="2" coveredstatements="0" conditionals="0" coveredconditionals="0" methods="0" coveredmethods="0"/>
        <line num="8" count="0" type="stmt"/>
        <line num="18" count="0" type="stmt"/>
      </file>
      <file name="setupProxy.js" path="/home/halkimrajan/Documents/PROJECTS/spotify-clone/client/src/setupProxy.js">
        <metrics statements="3" coveredstatements="0" conditionals="0" coveredconditionals="0" methods="1" coveredmethods="0"/>
        <line num="1" count="0" type="stmt"/>
        <line num="3" count="0" type="stmt"/>
        <line num="4" count="0" type="stmt"/>
      </file>
    </package>
    <package name="src.components">
      <metrics statements="13" coveredstatements="5" conditionals="4" coveredconditionals="4" methods="6" coveredmethods="2"/>
      <file name="Button.jsx" path="/home/halkimrajan/Documents/PROJECTS/spotify-clone/client/src/components/Button.jsx">
        <metrics statements="2" coveredstatements="2" conditionals="2" coveredconditionals="2" methods="1" coveredmethods="1"/>
        <line num="3" count="1" type="stmt"/>
        <line num="4" count="3" type="stmt"/>
      </file>
      <file name="TopContainer.jsx" path="/home/halkimrajan/Documents/PROJECTS/spotify-clone/client/src/components/TopContainer.jsx">
        <metrics statements="3" coveredstatements="3" conditionals="2" coveredconditionals="2" methods="1" coveredmethods="1"/>
        <line num="7" count="1" type="stmt"/>
        <line num="12" count="1" type="stmt"/>
        <line num="13" count="3" type="stmt"/>
      </file>
      <file name="UserInfo.jsx" path="/home/halkimrajan/Documents/PROJECTS/spotify-clone/client/src/components/UserInfo.jsx">
        <metrics statements="8" coveredstatements="0" conditionals="0" coveredconditionals="0" methods="4" coveredmethods="0"/>
        <line num="4" count="0" type="stmt"/>
        <line num="5" count="0" type="stmt"/>
        <line num="6" count="0" type="stmt"/>
        <line num="7" count="0" type="stmt"/>
        <line num="10" count="0" type="stmt"/>
        <line num="11" count="0" type="stmt"/>
        <line num="13" count="0" type="stmt"/>
        <line num="15" count="0" type="stmt"/>
      </file>
    </package>
    <package name="src.utils">
      <metrics statements="13" coveredstatements="0" conditionals="0" coveredconditionals="0" methods="3" coveredmethods="0"/>
      <file name="auth.js" path="/home/halkimrajan/Documents/PROJECTS/spotify-clone/client/src/utils/auth.js">
        <metrics statements="3" coveredstatements="0" conditionals="0" coveredconditionals="0" methods="1" coveredmethods="0"/>
        <line num="1" count="0" type="stmt"/>
        <line num="2" count="0" type="stmt"/>
        <line num="3" count="0" type="stmt"/>
      </file>
      <file name="axiosGlobalConfig.js" path="/home/halkimrajan/Documents/PROJECTS/spotify-clone/client/src/utils/axiosGlobalConfig.js">
        <metrics statements="2" coveredstatements="0" conditionals="0" coveredconditionals="0" methods="0" coveredmethods="0"/>
        <line num="3" count="0" type="stmt"/>
        <line num="4" count="0" type="stmt"/>
      </file>
      <file name="hash.js" path="/home/halkimrajan/Documents/PROJECTS/spotify-clone/client/src/utils/hash.js">
        <metrics statements="8" coveredstatements="0" conditionals="0" coveredconditionals="0" methods="2" coveredmethods="0"/>
        <line num="1" count="0" type="stmt"/>
        <line num="3" count="0" type="stmt"/>
        <line num="4" count="0" type="stmt"/>
        <line num="6" count="0" type="stmt"/>
        <line num="7" count="0" type="stmt"/>
        <line num="8" count="0" type="stmt"/>
        <line num="9" count="0" type="stmt"/>
        <line num="11" count="0" type="stmt"/>
      </file>
    </package>
  </project>
</coverage>
