{"/home/halkimrajan/Documents/PROJECTS/spotify-clone/client/src/App.js": {"path":"/home/halkimrajan/Documents/PROJECTS/spotify-clone/client/src/App.js","statementMap":{"0":{"start":{"line":14,"column":2},"end":{"line":26,"column":4}}},"fnMap":{"0":{"name":"App","decl":{"start":{"line":6,"column":9},"end":{"line":6,"column":12}},"loc":{"start":{"line":6,"column":15},"end":{"line":27,"column":1}},"line":6}},"branchMap":{"0":{"loc":{"start":{"line":17,"column":7},"end":{"line":19,"column":7}},"type":"binary-expr","locations":[{"start":{"line":17,"column":7},"end":{"line":17,"column":31}},{"start":{"line":17,"column":35},"end":{"line":17,"column":60}},{"start":{"line":18,"column":8},"end":{"line":18,"column":27}}],"line":17},"1":{"loc":{"start":{"line":23,"column":9},"end":{"line":23,"column":46}},"type":"cond-expr","locations":[{"start":{"line":23,"column":36},"end":{"line":23,"column":41}},{"start":{"line":23,"column":44},"end":{"line":23,"column":46}}],"line":23}},"s":{"0":0},"f":{"0":0},"b":{"0":[0,0,0],"1":[0,0]}}
,"/home/halkimrajan/Documents/PROJECTS/spotify-clone/client/src/index.js": {"path":"/home/halkimrajan/Documents/PROJECTS/spotify-clone/client/src/index.js","statementMap":{"0":{"start":{"line":8,"column":0},"end":{"line":13,"column":2}},"1":{"start":{"line":18,"column":0},"end":{"line":18,"column":18}}},"fnMap":{},"branchMap":{},"s":{"0":0,"1":0},"f":{},"b":{}}
,"/home/halkimrajan/Documents/PROJECTS/spotify-clone/client/src/setupProxy.js": {"path":"/home/halkimrajan/Documents/PROJECTS/spotify-clone/client/src/setupProxy.js","statementMap":{"0":{"start":{"line":1,"column":34},"end":{"line":1,"column":66}},"1":{"start":{"line":3,"column":0},"end":{"line":11,"column":2}},"2":{"start":{"line":4,"column":2},"end":{"line":10,"column":4}}},"fnMap":{"0":{"name":"(anonymous_0)","decl":{"start":{"line":3,"column":17},"end":{"line":3,"column":18}},"loc":{"start":{"line":3,"column":32},"end":{"line":11,"column":1}},"line":3}},"branchMap":{},"s":{"0":0,"1":0,"2":0},"f":{"0":0},"b":{}}
,"/home/halkimrajan/Documents/PROJECTS/spotify-clone/client/src/components/Button.jsx": {"path":"/home/halkimrajan/Documents/PROJECTS/spotify-clone/client/src/components/Button.jsx","statementMap":{"0":{"start":{"line":3,"column":22},"end":{"line":15,"column":1}},"1":{"start":{"line":4,"column":2},"end":{"line":14,"column":4}}},"fnMap":{"0":{"name":"(anonymous_0)","decl":{"start":{"line":3,"column":22},"end":{"line":3,"column":23}},"loc":{"start":{"line":3,"column":44},"end":{"line":15,"column":1}},"line":3}},"branchMap":{"0":{"loc":{"start":{"line":6,"column":7},"end":{"line":12,"column":7}},"type":"cond-expr","locations":[{"start":{"line":7,"column":8},"end":{"line":9,"column":12}},{"start":{"line":11,"column":8},"end":{"line":11,"column":35}}],"line":6}},"s":{"0":1,"1":3},"f":{"0":3},"b":{"0":[2,1]},"_coverageSchema":"1a1c01bbd47fc00a2c39e90264f33305004495a9","hash":"f6bfed8b0960dfa3bbf2a4f82ba639e15dde4b89"}
,"/home/halkimrajan/Documents/PROJECTS/spotify-clone/client/src/components/TopContainer.jsx": {"path":"/home/halkimrajan/Documents/PROJECTS/spotify-clone/client/src/components/TopContainer.jsx","statementMap":{"0":{"start":{"line":7,"column":21},"end":{"line":10,"column":1}},"1":{"start":{"line":12,"column":28},"end":{"line":32,"column":1}},"2":{"start":{"line":13,"column":2},"end":{"line":31,"column":4}}},"fnMap":{"0":{"name":"(anonymous_0)","decl":{"start":{"line":12,"column":28},"end":{"line":12,"column":29}},"loc":{"start":{"line":12,"column":57},"end":{"line":32,"column":1}},"line":12}},"branchMap":{"0":{"loc":{"start":{"line":23,"column":7},"end":{"line":29,"column":7}},"type":"cond-expr","locations":[{"start":{"line":24,"column":8},"end":{"line":26,"column":14}},{"start":{"line":28,"column":8},"end":{"line":28,"column":43}}],"line":23}},"s":{"0":1,"1":1,"2":3},"f":{"0":3},"b":{"0":[1,2]},"_coverageSchema":"1a1c01bbd47fc00a2c39e90264f33305004495a9","hash":"f84ddab5fce45f4ac55e2f8998add5f3b4b47cbf"}
,"/home/halkimrajan/Documents/PROJECTS/spotify-clone/client/src/components/UserInfo.jsx": {"path":"/home/halkimrajan/Documents/PROJECTS/spotify-clone/client/src/components/UserInfo.jsx","statementMap":{"0":{"start":{"line":4,"column":24},"end":{"line":16,"column":1}},"1":{"start":{"line":5,"column":34},"end":{"line":5,"column":46}},"2":{"start":{"line":6,"column":2},"end":{"line":14,"column":9}},"3":{"start":{"line":7,"column":4},"end":{"line":13,"column":40}},"4":{"start":{"line":10,"column":8},"end":{"line":10,"column":30}},"5":{"start":{"line":11,"column":8},"end":{"line":11,"column":30}},"6":{"start":{"line":13,"column":22},"end":{"line":13,"column":38}},"7":{"start":{"line":15,"column":2},"end":{"line":15,"column":44}}},"fnMap":{"0":{"name":"(anonymous_0)","decl":{"start":{"line":4,"column":24},"end":{"line":4,"column":25}},"loc":{"start":{"line":4,"column":30},"end":{"line":16,"column":1}},"line":4},"1":{"name":"(anonymous_1)","decl":{"start":{"line":6,"column":12},"end":{"line":6,"column":13}},"loc":{"start":{"line":6,"column":18},"end":{"line":14,"column":3}},"line":6},"2":{"name":"(anonymous_2)","decl":{"start":{"line":9,"column":12},"end":{"line":9,"column":13}},"loc":{"start":{"line":9,"column":21},"end":{"line":12,"column":7}},"line":9},"3":{"name":"(anonymous_3)","decl":{"start":{"line":13,"column":13},"end":{"line":13,"column":14}},"loc":{"start":{"line":13,"column":22},"end":{"line":13,"column":38}},"line":13}},"branchMap":{},"s":{"0":0,"1":0,"2":0,"3":0,"4":0,"5":0,"6":0,"7":0},"f":{"0":0,"1":0,"2":0,"3":0},"b":{}}
,"/home/halkimrajan/Documents/PROJECTS/spotify-clone/client/src/utils/auth.js": {"path":"/home/halkimrajan/Documents/PROJECTS/spotify-clone/client/src/utils/auth.js","statementMap":{"0":{"start":{"line":1,"column":25},"end":{"line":4,"column":1}},"1":{"start":{"line":2,"column":2},"end":{"line":2,"column":67}},"2":{"start":{"line":3,"column":2},"end":{"line":3,"column":69}}},"fnMap":{"0":{"name":"(anonymous_0)","decl":{"start":{"line":1,"column":25},"end":{"line":1,"column":26}},"loc":{"start":{"line":1,"column":42},"end":{"line":4,"column":1}},"line":1}},"branchMap":{},"s":{"0":0,"1":0,"2":0},"f":{"0":0},"b":{}}
,"/home/halkimrajan/Documents/PROJECTS/spotify-clone/client/src/utils/axiosGlobalConfig.js": {"path":"/home/halkimrajan/Documents/PROJECTS/spotify-clone/client/src/utils/axiosGlobalConfig.js","statementMap":{"0":{"start":{"line":3,"column":0},"end":{"line":3,"column":54}},"1":{"start":{"line":4,"column":0},"end":{"line":5,"column":39}}},"fnMap":{},"branchMap":{},"s":{"0":0,"1":0},"f":{},"b":{}}
,"/home/halkimrajan/Documents/PROJECTS/spotify-clone/client/src/utils/hash.js": {"path":"/home/halkimrajan/Documents/PROJECTS/spotify-clone/client/src/utils/hash.js","statementMap":{"0":{"start":{"line":1,"column":33},"end":{"line":1,"column":76}},"1":{"start":{"line":1,"column":42},"end":{"line":1,"column":76}},"2":{"start":{"line":3,"column":29},"end":{"line":12,"column":1}},"3":{"start":{"line":4,"column":21},"end":{"line":4,"column":23}},"4":{"start":{"line":6,"column":8},"end":{"line":6,"column":30}},"5":{"start":{"line":7,"column":8},"end":{"line":7,"column":25}},"6":{"start":{"line":8,"column":2},"end":{"line":10,"column":3}},"7":{"start":{"line":9,"column":4},"end":{"line":9,"column":48}},"8":{"start":{"line":11,"column":2},"end":{"line":11,"column":20}}},"fnMap":{"0":{"name":"(anonymous_0)","decl":{"start":{"line":1,"column":33},"end":{"line":1,"column":34}},"loc":{"start":{"line":1,"column":42},"end":{"line":1,"column":76}},"line":1},"1":{"name":"(anonymous_1)","decl":{"start":{"line":3,"column":29},"end":{"line":3,"column":30}},"loc":{"start":{"line":3,"column":39},"end":{"line":12,"column":1}},"line":3}},"branchMap":{},"s":{"0":0,"1":0,"2":0,"3":0,"4":0,"5":0,"6":0,"7":0,"8":0},"f":{"0":0,"1":0},"b":{}}
}
