{"/home/halkimrajan/Documents/PROJECTS/spotify-clone/client/src/components/layout/main/Header/UserHeader.jsx": {"path":"/home/halkimrajan/Documents/PROJECTS/spotify-clone/client/src/components/layout/main/Header/UserHeader.jsx","statementMap":{"0":{"start":{"line":5,"column":19},"end":{"line":17,"column":1}},"1":{"start":{"line":19,"column":20},"end":{"line":36,"column":1}},"2":{"start":{"line":37,"column":18},"end":{"line":40,"column":1}},"3":{"start":{"line":41,"column":26},"end":{"line":82,"column":1}},"4":{"start":{"line":42,"column":20},"end":{"line":42,"column":22}},"5":{"start":{"line":43,"column":2},"end":{"line":49,"column":3}},"6":{"start":{"line":44,"column":4},"end":{"line":48,"column":6}},"7":{"start":{"line":51,"column":2},"end":{"line":57,"column":3}},"8":{"start":{"line":52,"column":4},"end":{"line":56,"column":6}},"9":{"start":{"line":59,"column":2},"end":{"line":61,"column":3}},"10":{"start":{"line":60,"column":4},"end":{"line":60,"column":56}},"11":{"start":{"line":62,"column":2},"end":{"line":81,"column":4}}},"fnMap":{"0":{"name":"(anonymous_0)","decl":{"start":{"line":41,"column":26},"end":{"line":41,"column":27}},"loc":{"start":{"line":41,"column":40},"end":{"line":82,"column":1}},"line":41}},"branchMap":{"0":{"loc":{"start":{"line":43,"column":2},"end":{"line":49,"column":3}},"type":"if","locations":[{"start":{"line":43,"column":2},"end":{"line":49,"column":3}},{"start":{"line":43,"column":2},"end":{"line":49,"column":3}}],"line":43},"1":{"loc":{"start":{"line":47,"column":9},"end":{"line":47,"column":45}},"type":"cond-expr","locations":[{"start":{"line":47,"column":37},"end":{"line":47,"column":40}},{"start":{"line":47,"column":43},"end":{"line":47,"column":45}}],"line":47},"2":{"loc":{"start":{"line":51,"column":2},"end":{"line":57,"column":3}},"type":"if","locations":[{"start":{"line":51,"column":2},"end":{"line":57,"column":3}},{"start":{"line":51,"column":2},"end":{"line":57,"column":3}}],"line":51},"3":{"loc":{"start":{"line":55,"column":9},"end":{"line":55,"column":45}},"type":"cond-expr","locations":[{"start":{"line":55,"column":37},"end":{"line":55,"column":40}},{"start":{"line":55,"column":43},"end":{"line":55,"column":45}}],"line":55},"4":{"loc":{"start":{"line":59,"column":2},"end":{"line":61,"column":3}},"type":"if","locations":[{"start":{"line":59,"column":2},"end":{"line":61,"column":3}},{"start":{"line":59,"column":2},"end":{"line":61,"column":3}}],"line":59},"5":{"loc":{"start":{"line":75,"column":11},"end":{"line":75,"column":69}},"type":"cond-expr","locations":[{"start":{"line":75,"column":34},"end":{"line":75,"column":43}},{"start":{"line":75,"column":46},"end":{"line":75,"column":69}}],"line":75}},"s":{"0":1,"1":1,"2":1,"3":1,"4":1,"5":1,"6":1,"7":1,"8":1,"9":1,"10":0,"11":1},"f":{"0":1},"b":{"0":[1,0],"1":[1,0],"2":[1,0],"3":[1,0],"4":[0,1],"5":[1,0]},"_coverageSchema":"1a1c01bbd47fc00a2c39e90264f33305004495a9","hash":"40d49be5ca7f96299bcab9b59dcaa3fde600a7bf"}
,"/home/halkimrajan/Documents/PROJECTS/spotify-clone/client/src/pages/User/User.jsx": {"path":"/home/halkimrajan/Documents/PROJECTS/spotify-clone/client/src/pages/User/User.jsx","statementMap":{"0":{"start":{"line":17,"column":20},"end":{"line":86,"column":1}},"1":{"start":{"line":18,"column":26},"end":{"line":18,"column":49}},"2":{"start":{"line":19,"column":26},"end":{"line":19,"column":71}},"3":{"start":{"line":20,"column":17},"end":{"line":20,"column":28}},"4":{"start":{"line":21,"column":18},"end":{"line":21,"column":33}},"5":{"start":{"line":23,"column":2},"end":{"line":35,"column":3}},"6":{"start":{"line":24,"column":4},"end":{"line":34,"column":5}},"7":{"start":{"line":25,"column":6},"end":{"line":25,"column":31}},"8":{"start":{"line":27,"column":6},"end":{"line":33,"column":11}},"9":{"start":{"line":29,"column":10},"end":{"line":29,"column":28}},"10":{"start":{"line":32,"column":10},"end":{"line":32,"column":27}},"11":{"start":{"line":36,"column":2},"end":{"line":58,"column":24}},"12":{"start":{"line":37,"column":4},"end":{"line":46,"column":5}},"13":{"start":{"line":38,"column":6},"end":{"line":45,"column":42}},"14":{"start":{"line":40,"column":10},"end":{"line":43,"column":14}},"15":{"start":{"line":40,"column":29},"end":{"line":43,"column":11}},"16":{"start":{"line":45,"column":24},"end":{"line":45,"column":40}},"17":{"start":{"line":47,"column":4},"end":{"line":56,"column":6}},"18":{"start":{"line":49,"column":8},"end":{"line":49,"column":79}},"19":{"start":{"line":49,"column":62},"end":{"line":49,"column":78}},"20":{"start":{"line":51,"column":8},"end":{"line":54,"column":12}},"21":{"start":{"line":51,"column":27},"end":{"line":54,"column":9}},"22":{"start":{"line":53,"column":44},"end":{"line":53,"column":78}},"23":{"start":{"line":60,"column":2},"end":{"line":85,"column":4}},"24":{"start":{"line":71,"column":18},"end":{"line":73,"column":19}},"25":{"start":{"line":78,"column":16},"end":{"line":78,"column":60}}},"fnMap":{"0":{"name":"(anonymous_0)","decl":{"start":{"line":17,"column":20},"end":{"line":17,"column":21}},"loc":{"start":{"line":17,"column":26},"end":{"line":86,"column":1}},"line":17},"1":{"name":"(anonymous_1)","decl":{"start":{"line":28,"column":14},"end":{"line":28,"column":15}},"loc":{"start":{"line":28,"column":23},"end":{"line":30,"column":9}},"line":28},"2":{"name":"(anonymous_2)","decl":{"start":{"line":31,"column":15},"end":{"line":31,"column":16}},"loc":{"start":{"line":31,"column":24},"end":{"line":33,"column":9}},"line":31},"3":{"name":"(anonymous_3)","decl":{"start":{"line":36,"column":12},"end":{"line":36,"column":13}},"loc":{"start":{"line":36,"column":18},"end":{"line":58,"column":3}},"line":36},"4":{"name":"(anonymous_4)","decl":{"start":{"line":39,"column":14},"end":{"line":39,"column":15}},"loc":{"start":{"line":39,"column":23},"end":{"line":44,"column":9}},"line":39},"5":{"name":"(anonymous_5)","decl":{"start":{"line":40,"column":18},"end":{"line":40,"column":19}},"loc":{"start":{"line":40,"column":29},"end":{"line":43,"column":11}},"line":40},"6":{"name":"(anonymous_6)","decl":{"start":{"line":45,"column":15},"end":{"line":45,"column":16}},"loc":{"start":{"line":45,"column":24},"end":{"line":45,"column":40}},"line":45},"7":{"name":"(anonymous_7)","decl":{"start":{"line":48,"column":6},"end":{"line":48,"column":7}},"loc":{"start":{"line":49,"column":8},"end":{"line":49,"column":79}},"line":49},"8":{"name":"(anonymous_8)","decl":{"start":{"line":49,"column":53},"end":{"line":49,"column":54}},"loc":{"start":{"line":49,"column":62},"end":{"line":49,"column":78}},"line":49},"9":{"name":"(anonymous_9)","decl":{"start":{"line":50,"column":6},"end":{"line":50,"column":7}},"loc":{"start":{"line":50,"column":19},"end":{"line":55,"column":7}},"line":50},"10":{"name":"(anonymous_10)","decl":{"start":{"line":51,"column":16},"end":{"line":51,"column":17}},"loc":{"start":{"line":51,"column":27},"end":{"line":54,"column":9}},"line":51},"11":{"name":"(anonymous_11)","decl":{"start":{"line":53,"column":36},"end":{"line":53,"column":37}},"loc":{"start":{"line":53,"column":44},"end":{"line":53,"column":78}},"line":53},"12":{"name":"(anonymous_12)","decl":{"start":{"line":70,"column":16},"end":{"line":70,"column":17}},"loc":{"start":{"line":71,"column":18},"end":{"line":73,"column":19}},"line":71},"13":{"name":"(anonymous_13)","decl":{"start":{"line":77,"column":40},"end":{"line":77,"column":41}},"loc":{"start":{"line":78,"column":16},"end":{"line":78,"column":60}},"line":78}},"branchMap":{"0":{"loc":{"start":{"line":23,"column":2},"end":{"line":35,"column":3}},"type":"if","locations":[{"start":{"line":23,"column":2},"end":{"line":35,"column":3}},{"start":{"line":23,"column":2},"end":{"line":35,"column":3}}],"line":23},"1":{"loc":{"start":{"line":23,"column":6},"end":{"line":23,"column":29}},"type":"binary-expr","locations":[{"start":{"line":23,"column":6},"end":{"line":23,"column":11}},{"start":{"line":23,"column":15},"end":{"line":23,"column":29}}],"line":23},"2":{"loc":{"start":{"line":24,"column":4},"end":{"line":34,"column":5}},"type":"if","locations":[{"start":{"line":24,"column":4},"end":{"line":34,"column":5}},{"start":{"line":24,"column":4},"end":{"line":34,"column":5}}],"line":24},"3":{"loc":{"start":{"line":37,"column":4},"end":{"line":46,"column":5}},"type":"if","locations":[{"start":{"line":37,"column":4},"end":{"line":46,"column":5}},{"start":{"line":37,"column":4},"end":{"line":46,"column":5}}],"line":37},"4":{"loc":{"start":{"line":37,"column":8},"end":{"line":37,"column":31}},"type":"binary-expr","locations":[{"start":{"line":37,"column":8},"end":{"line":37,"column":12}},{"start":{"line":37,"column":16},"end":{"line":37,"column":31}}],"line":37},"5":{"loc":{"start":{"line":62,"column":7},"end":{"line":83,"column":7}},"type":"binary-expr","locations":[{"start":{"line":62,"column":7},"end":{"line":62,"column":23}},{"start":{"line":62,"column":27},"end":{"line":62,"column":43}},{"start":{"line":63,"column":8},"end":{"line":82,"column":11}}],"line":62},"6":{"loc":{"start":{"line":71,"column":18},"end":{"line":73,"column":19}},"type":"binary-expr","locations":[{"start":{"line":71,"column":18},"end":{"line":71,"column":23}},{"start":{"line":72,"column":20},"end":{"line":72,"column":77}}],"line":71}},"s":{"0":1,"1":4,"2":4,"3":4,"4":4,"5":4,"6":1,"7":1,"8":0,"9":0,"10":0,"11":4,"12":1,"13":1,"14":1,"15":1,"16":0,"17":1,"18":2,"19":0,"20":1,"21":1,"22":6,"23":4,"24":6,"25":8},"f":{"0":4,"1":0,"2":0,"3":1,"4":1,"5":1,"6":0,"7":2,"8":0,"9":1,"10":1,"11":6,"12":6,"13":8},"b":{"0":[1,3],"1":[4,4],"2":[1,0],"3":[1,0],"4":[1,1],"5":[4,2,1],"6":[6,6]},"_coverageSchema":"1a1c01bbd47fc00a2c39e90264f33305004495a9","hash":"2814908429240e4d4fa71805909e6cf9791b6119"}
,"/home/halkimrajan/Documents/PROJECTS/spotify-clone/client/src/services/generators.js": {"path":"/home/halkimrajan/Documents/PROJECTS/spotify-clone/client/src/services/generators.js","statementMap":{"0":{"start":{"line":1,"column":31},"end":{"line":22,"column":1}},"1":{"start":{"line":9,"column":2},"end":{"line":11,"column":3}},"2":{"start":{"line":10,"column":4},"end":{"line":10,"column":64}},"3":{"start":{"line":12,"column":15},"end":{"line":12,"column":35}},"4":{"start":{"line":14,"column":2},"end":{"line":21,"column":5}},"5":{"start":{"line":15,"column":4},"end":{"line":20,"column":5}},"6":{"start":{"line":16,"column":6},"end":{"line":16,"column":37}},"7":{"start":{"line":17,"column":6},"end":{"line":17,"column":67}},"8":{"start":{"line":19,"column":6},"end":{"line":19,"column":24}},"9":{"start":{"line":25,"column":2},"end":{"line":37,"column":3}},"10":{"start":{"line":26,"column":4},"end":{"line":34,"column":7}},"11":{"start":{"line":27,"column":23},"end":{"line":27,"column":26}},"12":{"start":{"line":29,"column":6},"end":{"line":33,"column":7}},"13":{"start":{"line":30,"column":8},"end":{"line":30,"column":26}},"14":{"start":{"line":32,"column":8},"end":{"line":32,"column":20}},"15":{"start":{"line":36,"column":4},"end":{"line":36,"column":20}},"16":{"start":{"line":40,"column":43},"end":{"line":61,"column":1}},"17":{"start":{"line":48,"column":2},"end":{"line":50,"column":3}},"18":{"start":{"line":49,"column":4},"end":{"line":49,"column":78}},"19":{"start":{"line":51,"column":15},"end":{"line":51,"column":35}},"20":{"start":{"line":53,"column":2},"end":{"line":60,"column":5}},"21":{"start":{"line":54,"column":4},"end":{"line":59,"column":5}},"22":{"start":{"line":55,"column":6},"end":{"line":55,"column":37}},"23":{"start":{"line":56,"column":6},"end":{"line":56,"column":67}},"24":{"start":{"line":58,"column":6},"end":{"line":58,"column":24}},"25":{"start":{"line":65,"column":2},"end":{"line":79,"column":3}},"26":{"start":{"line":67,"column":4},"end":{"line":76,"column":7}},"27":{"start":{"line":68,"column":23},"end":{"line":68,"column":26}},"28":{"start":{"line":70,"column":6},"end":{"line":75,"column":7}},"29":{"start":{"line":71,"column":8},"end":{"line":71,"column":66}},"30":{"start":{"line":72,"column":8},"end":{"line":72,"column":34}},"31":{"start":{"line":74,"column":8},"end":{"line":74,"column":20}},"32":{"start":{"line":78,"column":4},"end":{"line":78,"column":16}}},"fnMap":{"0":{"name":"(anonymous_0)","decl":{"start":{"line":1,"column":31},"end":{"line":1,"column":32}},"loc":{"start":{"line":8,"column":5},"end":{"line":22,"column":1}},"line":8},"1":{"name":"(anonymous_1)","decl":{"start":{"line":14,"column":18},"end":{"line":14,"column":19}},"loc":{"start":{"line":14,"column":28},"end":{"line":21,"column":3}},"line":14},"2":{"name":"dataIterator","decl":{"start":{"line":24,"column":10},"end":{"line":24,"column":22}},"loc":{"start":{"line":24,"column":55},"end":{"line":38,"column":1}},"line":24},"3":{"name":"(anonymous_3)","decl":{"start":{"line":26,"column":37},"end":{"line":26,"column":38}},"loc":{"start":{"line":26,"column":46},"end":{"line":34,"column":5}},"line":26},"4":{"name":"(anonymous_4)","decl":{"start":{"line":40,"column":43},"end":{"line":40,"column":44}},"loc":{"start":{"line":47,"column":5},"end":{"line":61,"column":1}},"line":47},"5":{"name":"(anonymous_5)","decl":{"start":{"line":53,"column":18},"end":{"line":53,"column":19}},"loc":{"start":{"line":53,"column":28},"end":{"line":60,"column":3}},"line":53},"6":{"name":"dataIteratorWithIdOffset","decl":{"start":{"line":63,"column":10},"end":{"line":63,"column":34}},"loc":{"start":{"line":63,"column":70},"end":{"line":80,"column":1}},"line":63},"7":{"name":"(anonymous_7)","decl":{"start":{"line":67,"column":37},"end":{"line":67,"column":38}},"loc":{"start":{"line":67,"column":46},"end":{"line":76,"column":5}},"line":67}},"branchMap":{"0":{"loc":{"start":{"line":4,"column":2},"end":{"line":4,"column":14}},"type":"default-arg","locations":[{"start":{"line":4,"column":12},"end":{"line":4,"column":14}}],"line":4},"1":{"loc":{"start":{"line":5,"column":2},"end":{"line":5,"column":22}},"type":"default-arg","locations":[{"start":{"line":5,"column":18},"end":{"line":5,"column":22}}],"line":5},"2":{"loc":{"start":{"line":6,"column":2},"end":{"line":6,"column":17}},"type":"default-arg","locations":[{"start":{"line":6,"column":16},"end":{"line":6,"column":17}}],"line":6},"3":{"loc":{"start":{"line":7,"column":2},"end":{"line":7,"column":12}},"type":"default-arg","locations":[{"start":{"line":7,"column":10},"end":{"line":7,"column":12}}],"line":7},"4":{"loc":{"start":{"line":9,"column":2},"end":{"line":11,"column":3}},"type":"if","locations":[{"start":{"line":9,"column":2},"end":{"line":11,"column":3}},{"start":{"line":9,"column":2},"end":{"line":11,"column":3}}],"line":9},"5":{"loc":{"start":{"line":15,"column":4},"end":{"line":20,"column":5}},"type":"if","locations":[{"start":{"line":15,"column":4},"end":{"line":20,"column":5}},{"start":{"line":15,"column":4},"end":{"line":20,"column":5}}],"line":15},"6":{"loc":{"start":{"line":24,"column":31},"end":{"line":24,"column":41}},"type":"default-arg","locations":[{"start":{"line":24,"column":40},"end":{"line":24,"column":41}}],"line":24},"7":{"loc":{"start":{"line":24,"column":43},"end":{"line":24,"column":53}},"type":"default-arg","locations":[{"start":{"line":24,"column":51},"end":{"line":24,"column":53}}],"line":24},"8":{"loc":{"start":{"line":29,"column":6},"end":{"line":33,"column":7}},"type":"if","locations":[{"start":{"line":29,"column":6},"end":{"line":33,"column":7}},{"start":{"line":29,"column":6},"end":{"line":33,"column":7}}],"line":29},"9":{"loc":{"start":{"line":43,"column":2},"end":{"line":43,"column":14}},"type":"default-arg","locations":[{"start":{"line":43,"column":12},"end":{"line":43,"column":14}}],"line":43},"10":{"loc":{"start":{"line":44,"column":2},"end":{"line":44,"column":22}},"type":"default-arg","locations":[{"start":{"line":44,"column":18},"end":{"line":44,"column":22}}],"line":44},"11":{"loc":{"start":{"line":45,"column":2},"end":{"line":45,"column":22}},"type":"default-arg","locations":[{"start":{"line":45,"column":18},"end":{"line":45,"column":22}}],"line":45},"12":{"loc":{"start":{"line":46,"column":2},"end":{"line":46,"column":12}},"type":"default-arg","locations":[{"start":{"line":46,"column":10},"end":{"line":46,"column":12}}],"line":46},"13":{"loc":{"start":{"line":48,"column":2},"end":{"line":50,"column":3}},"type":"if","locations":[{"start":{"line":48,"column":2},"end":{"line":50,"column":3}},{"start":{"line":48,"column":2},"end":{"line":50,"column":3}}],"line":48},"14":{"loc":{"start":{"line":54,"column":4},"end":{"line":59,"column":5}},"type":"if","locations":[{"start":{"line":54,"column":4},"end":{"line":59,"column":5}},{"start":{"line":54,"column":4},"end":{"line":59,"column":5}}],"line":54},"15":{"loc":{"start":{"line":63,"column":43},"end":{"line":63,"column":56}},"type":"default-arg","locations":[{"start":{"line":63,"column":52},"end":{"line":63,"column":56}}],"line":63},"16":{"loc":{"start":{"line":63,"column":58},"end":{"line":63,"column":68}},"type":"default-arg","locations":[{"start":{"line":63,"column":66},"end":{"line":63,"column":68}}],"line":63},"17":{"loc":{"start":{"line":70,"column":6},"end":{"line":75,"column":7}},"type":"if","locations":[{"start":{"line":70,"column":6},"end":{"line":75,"column":7}},{"start":{"line":70,"column":6},"end":{"line":75,"column":7}}],"line":70}},"s":{"0":1,"1":2,"2":1,"3":2,"4":2,"5":2,"6":1,"7":1,"8":1,"9":1,"10":2,"11":2,"12":2,"13":1,"14":1,"15":1,"16":1,"17":0,"18":0,"19":0,"20":0,"21":0,"22":0,"23":0,"24":0,"25":0,"26":0,"27":0,"28":0,"29":0,"30":0,"31":0,"32":0},"f":{"0":2,"1":2,"2":1,"3":2,"4":0,"5":0,"6":0,"7":0},"b":{"0":[1],"1":[1],"2":[2],"3":[2],"4":[1,1],"5":[1,1],"6":[0],"7":[0],"8":[1,1],"9":[0],"10":[0],"11":[0],"12":[0],"13":[0,0],"14":[0,0],"15":[0],"16":[0],"17":[0,0]},"_coverageSchema":"1a1c01bbd47fc00a2c39e90264f33305004495a9","hash":"3879628f69e26b09c545a3ef16a76fbf84736507"}
,"/home/halkimrajan/Documents/PROJECTS/spotify-clone/client/src/test/fixtures/responseObj.js": {"path":"/home/halkimrajan/Documents/PROJECTS/spotify-clone/client/src/test/fixtures/responseObj.js","statementMap":{"0":{"start":{"line":1,"column":39},"end":{"line":329,"column":1}},"1":{"start":{"line":331,"column":29},"end":{"line":620,"column":1}}},"fnMap":{},"branchMap":{},"s":{"0":1,"1":1},"f":{},"b":{},"_coverageSchema":"1a1c01bbd47fc00a2c39e90264f33305004495a9","hash":"9a57f98cbde42cd48582408fb7e692ff920fe19c"}
,"/home/halkimrajan/Documents/PROJECTS/spotify-clone/client/src/test/fixtures/userDataObj.js": {"path":"/home/halkimrajan/Documents/PROJECTS/spotify-clone/client/src/test/fixtures/userDataObj.js","statementMap":{"0":{"start":{"line":1,"column":34},"end":{"line":24,"column":1}}},"fnMap":{},"branchMap":{},"s":{"0":1},"f":{},"b":{},"_coverageSchema":"1a1c01bbd47fc00a2c39e90264f33305004495a9","hash":"94e16b7282f960ddee08674225ea3e99f966f870"}
}
