TN:
SF:src/components/layout/main/Header/UserHeader.jsx
FN:41,(anonymous_0)
FNF:1
FNH:1
FNDA:1,(anonymous_0)
DA:5,1
DA:19,1
DA:37,1
DA:41,1
DA:42,1
DA:43,1
DA:44,1
DA:51,1
DA:52,1
DA:59,1
DA:60,0
DA:62,1
LF:12
LH:11
BRDA:43,0,0,1
BRDA:43,0,1,0
BRDA:47,1,0,1
BRDA:47,1,1,0
BRDA:51,2,0,1
BRDA:51,2,1,0
BRDA:55,3,0,1
BRDA:55,3,1,0
BRDA:59,4,0,0
BRDA:59,4,1,1
BRDA:75,5,0,1
BRDA:75,5,1,0
BRF:12
BRH:6
end_of_record
TN:
SF:src/pages/User/User.jsx
FN:17,(anonymous_0)
FN:28,(anonymous_1)
FN:31,(anonymous_2)
FN:36,(anonymous_3)
FN:39,(anonymous_4)
FN:40,(anonymous_5)
FN:45,(anonymous_6)
FN:48,(anonymous_7)
FN:49,(anonymous_8)
FN:50,(anonymous_9)
FN:51,(anonymous_10)
FN:53,(anonymous_11)
FN:70,(anonymous_12)
FN:77,(anonymous_13)
FNF:14
FNH:10
FNDA:4,(anonymous_0)
FNDA:0,(anonymous_1)
FNDA:0,(anonymous_2)
FNDA:1,(anonymous_3)
FNDA:1,(anonymous_4)
FNDA:1,(anonymous_5)
FNDA:0,(anonymous_6)
FNDA:2,(anonymous_7)
FNDA:0,(anonymous_8)
FNDA:1,(anonymous_9)
FNDA:1,(anonymous_10)
FNDA:6,(anonymous_11)
FNDA:6,(anonymous_12)
FNDA:8,(anonymous_13)
DA:17,1
DA:18,4
DA:19,4
DA:20,4
DA:21,4
DA:23,4
DA:24,1
DA:25,1
DA:27,0
DA:29,0
DA:32,0
DA:36,4
DA:37,1
DA:38,1
DA:40,1
DA:45,0
DA:47,1
DA:49,2
DA:51,1
DA:53,6
DA:60,4
DA:71,6
DA:78,8
LF:23
LH:19
BRDA:23,0,0,1
BRDA:23,0,1,3
BRDA:23,1,0,4
BRDA:23,1,1,4
BRDA:24,2,0,1
BRDA:24,2,1,0
BRDA:37,3,0,1
BRDA:37,3,1,0
BRDA:37,4,0,1
BRDA:37,4,1,1
BRDA:62,5,0,4
BRDA:62,5,1,2
BRDA:62,5,2,1
BRDA:71,6,0,6
BRDA:71,6,1,6
BRF:15
BRH:13
end_of_record
TN:
SF:src/services/generators.js
FN:1,(anonymous_0)
FN:14,(anonymous_1)
FN:24,dataIterator
FN:26,(anonymous_3)
FN:40,(anonymous_4)
FN:53,(anonymous_5)
FN:63,dataIteratorWithIdOffset
FN:67,(anonymous_7)
FNF:8
FNH:4
FNDA:2,(anonymous_0)
FNDA:2,(anonymous_1)
FNDA:1,dataIterator
FNDA:2,(anonymous_3)
FNDA:0,(anonymous_4)
FNDA:0,(anonymous_5)
FNDA:0,dataIteratorWithIdOffset
FNDA:0,(anonymous_7)
DA:1,1
DA:9,2
DA:10,1
DA:12,2
DA:14,2
DA:15,2
DA:16,1
DA:17,1
DA:19,1
DA:25,1
DA:26,2
DA:27,2
DA:29,2
DA:30,1
DA:32,1
DA:36,1
DA:40,1
DA:48,0
DA:49,0
DA:51,0
DA:53,0
DA:54,0
DA:55,0
DA:56,0
DA:58,0
DA:65,0
DA:67,0
DA:68,0
DA:70,0
DA:71,0
DA:72,0
DA:74,0
DA:78,0
LF:33
LH:17
BRDA:4,0,0,1
BRDA:5,1,0,1
BRDA:6,2,0,2
BRDA:7,3,0,2
BRDA:9,4,0,1
BRDA:9,4,1,1
BRDA:15,5,0,1
BRDA:15,5,1,1
BRDA:24,6,0,0
BRDA:24,7,0,0
BRDA:29,8,0,1
BRDA:29,8,1,1
BRDA:43,9,0,0
BRDA:44,10,0,0
BRDA:45,11,0,0
BRDA:46,12,0,0
BRDA:48,13,0,0
BRDA:48,13,1,0
BRDA:54,14,0,0
BRDA:54,14,1,0
BRDA:63,15,0,0
BRDA:63,16,0,0
BRDA:70,17,0,0
BRDA:70,17,1,0
BRF:24
BRH:10
end_of_record
TN:
SF:src/test/fixtures/responseObj.js
FNF:0
FNH:0
DA:1,1
DA:331,1
LF:2
LH:2
BRF:0
BRH:0
end_of_record
TN:
SF:src/test/fixtures/userDataObj.js
FNF:0
FNH:0
DA:1,1
LF:1
LH:1
BRF:0
BRH:0
end_of_record
